{"numFailedTestSuites":1,"numFailedTests":2,"numPassedTestSuites":1,"numPassedTests":14,"numPendingTestSuites":0,"numPendingTests":0,"numRuntimeErrorTestSuites":0,"numTodoTests":0,"numTotalTestSuites":2,"numTotalTests":16,"openHandles":[],"snapshot":{"added":0,"didUpdate":false,"failure":false,"filesAdded":0,"filesRemoved":0,"filesRemovedList":[],"filesUnmatched":0,"filesUpdated":0,"matched":0,"total":0,"unchecked":0,"uncheckedKeysByFile":[],"unmatched":0,"updated":0},"startTime":1774687946323,"success":false,"testResults":[{"assertionResults":[{"ancestorTitles":["Auth Endpoints"],"duration":96,"failing":false,"failureDetails":[],"failureMessages":[],"fullName":"Auth Endpoints GET /api/health — should return status ok","invocations":1,"location":null,"numPassingAsserts":2,"retryReasons":[],"startAt":1774687950035,"status":"passed","title":"GET /api/health — should return status ok"},{"ancestorTitles":["Auth Endpoints","POST /api/auth/register"],"duration":197,"failing":false,"failureDetails":[{}],"failureMessages":["Error: \u001b[2mexpect(\u001b[22m\u001b[31mreceived\u001b[39m\u001b[2m).\u001b[22mtoHaveProperty\u001b[2m(\u001b[22m\u001b[32mpath\u001b[39m\u001b[2m, \u001b[22m\u001b[32mvalue\u001b[39m\u001b[2m)\u001b[22m\n\n\u001b[1mMatcher error\u001b[22m: \u001b[31mreceived\u001b[39m value must not be null nor undefined\n\nReceived has value: \u001b[31mundefined\u001b[39m\n    at Object.toHaveProperty (E:\\Yash\\New folder\\server\\test\\auth.test.js:81:29)\n    at processTicksAndRejections (node:internal/process/task_queues:103:5)"],"fullName":"Auth Endpoints POST /api/auth/register should register a new user successfully","invocations":1,"location":null,"numPassingAsserts":2,"retryReasons":[],"startAt":1774687950134,"status":"failed","title":"should register a new user successfully"},{"ancestorTitles":["Auth Endpoints","POST /api/auth/register"],"duration":117,"failing":false,"failureDetails":[],"failureMessages":[],"fullName":"Auth Endpoints POST /api/auth/register should reject duplicate email","invocations":1,"location":null,"numPassingAsserts":1,"retryReasons":[],"startAt":1774687950343,"status":"passed","title":"should reject duplicate email"},{"ancestorTitles":["Auth Endpoints","POST /api/auth/login"],"duration":209,"failing":false,"failureDetails":[{}],"failureMessages":["TypeError: Cannot read properties of undefined (reading 'email')\n    at Object.email (E:\\Yash\\New folder\\server\\test\\auth.test.js:139:28)\n    at processTicksAndRejections (node:internal/process/task_queues:103:5)"],"fullName":"Auth Endpoints POST /api/auth/login should login with correct credentials and return tokens","invocations":1,"location":null,"numPassingAsserts":3,"retryReasons":[],"startAt":1774687950461,"status":"failed","title":"should login with correct credentials and return tokens"},{"ancestorTitles":["Auth Endpoints","POST /api/auth/login"],"duration":185,"failing":false,"failureDetails":[],"failureMessages":[],"fullName":"Auth Endpoints POST /api/auth/login should reject login with wrong password","invocations":1,"location":null,"numPassingAsserts":1,"retryReasons":[],"startAt":1774687950671,"status":"passed","title":"should reject login with wrong password"},{"ancestorTitles":["Auth Endpoints","POST /api/auth/login"],"duration":112,"failing":false,"failureDetails":[],"failureMessages":[],"fullName":"Auth Endpoints POST /api/auth/login should reject login for non-existent user","invocations":1,"location":null,"numPassingAsserts":1,"retryReasons":[],"startAt":1774687950857,"status":"passed","title":"should reject login for non-existent user"},{"ancestorTitles":["Auth Endpoints","GET /api/auth/me"],"duration":19,"failing":false,"failureDetails":[],"failureMessages":[],"fullName":"Auth Endpoints GET /api/auth/me should return 401 without token","invocations":1,"location":null,"numPassingAsserts":1,"retryReasons":[],"startAt":1774687950970,"status":"passed","title":"should return 401 without token"},{"ancestorTitles":["Auth Endpoints","GET /api/auth/me"],"duration":207,"failing":false,"failureDetails":[],"failureMessages":[],"fullName":"Auth Endpoints GET /api/auth/me should return user profile with valid token","invocations":1,"location":null,"numPassingAsserts":2,"retryReasons":[],"startAt":1774687950991,"status":"passed","title":"should return user profile with valid token"}],"endTime":1774687951416,"message":"\u001b[1m\u001b[31m  \u001b[1m● \u001b[22m\u001b[1mAuth Endpoints › POST /api/auth/register › should register a new user successfully\u001b[39m\u001b[22m\n\n    \u001b[2mexpect(\u001b[22m\u001b[31mreceived\u001b[39m\u001b[2m).\u001b[22mtoHaveProperty\u001b[2m(\u001b[22m\u001b[32mpath\u001b[39m\u001b[2m, \u001b[22m\u001b[32mvalue\u001b[39m\u001b[2m)\u001b[22m\n\n    \u001b[1mMatcher error\u001b[22m: \u001b[31mreceived\u001b[39m value must not be null nor undefined\n\n    Received has value: \u001b[31mundefined\u001b[39m\n\u001b[2m\u001b[22m\n\u001b[2m    \u001b[0m \u001b[90m 79 |\u001b[39m       expect(res\u001b[33m.\u001b[39mstatusCode)\u001b[33m.\u001b[39mtoBe(\u001b[35m201\u001b[39m)\u001b[33m;\u001b[39m\u001b[22m\n\u001b[2m     \u001b[90m 80 |\u001b[39m       expect(res\u001b[33m.\u001b[39mbody)\u001b[33m.\u001b[39mtoHaveProperty(\u001b[32m'accessToken'\u001b[39m)\u001b[33m;\u001b[39m\u001b[22m\n\u001b[2m    \u001b[31m\u001b[1m>\u001b[22m\u001b[2m\u001b[39m\u001b[90m 81 |\u001b[39m       expect(res\u001b[33m.\u001b[39mbody\u001b[33m.\u001b[39muser)\u001b[33m.\u001b[39mtoHaveProperty(\u001b[32m'email'\u001b[39m\u001b[33m,\u001b[39m \u001b[32m'testuser@example.com'\u001b[39m)\u001b[33m;\u001b[39m\u001b[22m\n\u001b[2m     \u001b[90m    |\u001b[39m                             \u001b[31m\u001b[1m^\u001b[22m\u001b[2m\u001b[39m\u001b[22m\n\u001b[2m     \u001b[90m 82 |\u001b[39m       expect(res\u001b[33m.\u001b[39mbody\u001b[33m.\u001b[39muser)\u001b[33m.\u001b[39mtoHaveProperty(\u001b[32m'name'\u001b[39m\u001b[33m,\u001b[39m \u001b[32m'Test User'\u001b[39m)\u001b[33m;\u001b[39m\u001b[22m\n\u001b[2m     \u001b[90m 83 |\u001b[39m     })\u001b[33m;\u001b[39m\u001b[22m\n\u001b[2m     \u001b[90m 84 |\u001b[39m\u001b[0m\u001b[22m\n\u001b[2m\u001b[22m\n\u001b[2m      \u001b[2mat Object.toHaveProperty (\u001b[22m\u001b[2m\u001b[0m\u001b[36mtest/auth.test.js\u001b[39m\u001b[0m\u001b[2m:81:29)\u001b[22m\u001b[2m\u001b[22m\n\n\u001b[1m\u001b[31m  \u001b[1m● \u001b[22m\u001b[1mAuth Endpoints › POST /api/auth/login › should login with correct credentials and return tokens\u001b[39m\u001b[22m\n\n    TypeError: Cannot read properties of undefined (reading 'email')\n\u001b[2m\u001b[22m\n\u001b[2m    \u001b[0m \u001b[90m 137 |\u001b[39m       expect(res\u001b[33m.\u001b[39mbody)\u001b[33m.\u001b[39mtoHaveProperty(\u001b[32m'accessToken'\u001b[39m)\u001b[33m;\u001b[39m\u001b[22m\n\u001b[2m     \u001b[90m 138 |\u001b[39m       expect(res\u001b[33m.\u001b[39mbody)\u001b[33m.\u001b[39mtoHaveProperty(\u001b[32m'refreshToken'\u001b[39m)\u001b[33m;\u001b[39m\u001b[22m\n\u001b[2m    \u001b[31m\u001b[1m>\u001b[22m\u001b[2m\u001b[39m\u001b[90m 139 |\u001b[39m       expect(res\u001b[33m.\u001b[39mbody\u001b[33m.\u001b[39muser\u001b[33m.\u001b[39memail)\u001b[33m.\u001b[39mtoBe(\u001b[32m'loginuser@example.com'\u001b[39m)\u001b[33m;\u001b[39m\u001b[22m\n\u001b[2m     \u001b[90m     |\u001b[39m                            \u001b[31m\u001b[1m^\u001b[22m\u001b[2m\u001b[39m\u001b[22m\n\u001b[2m     \u001b[90m 140 |\u001b[39m     })\u001b[33m;\u001b[39m\u001b[22m\n\u001b[2m     \u001b[90m 141 |\u001b[39m\u001b[22m\n\u001b[2m     \u001b[90m 142 |\u001b[39m     it(\u001b[32m'should reject login with wrong password'\u001b[39m\u001b[33m,\u001b[39m \u001b[36masync\u001b[39m () \u001b[33m=>\u001b[39m {\u001b[0m\u001b[22m\n\u001b[2m\u001b[22m\n\u001b[2m      \u001b[2mat Object.email (\u001b[22m\u001b[2m\u001b[0m\u001b[36mtest/auth.test.js\u001b[39m\u001b[0m\u001b[2m:139:28)\u001b[22m\u001b[2m\u001b[22m\n","name":"E:\\Yash\\New folder\\server\\test\\auth.test.js","startTime":1774687946462,"status":"failed","summary":""},{"assertionResults":[{"ancestorTitles":["Article Endpoints","GET /api/articles"],"duration":218,"failing":false,"failureDetails":[],"failureMessages":[],"fullName":"Article Endpoints GET /api/articles should return only published articles with pagination","invocations":1,"location":null,"numPassingAsserts":6,"retryReasons":[],"startAt":1774687953094,"status":"passed","title":"should return only published articles with pagination"},{"ancestorTitles":["Article Endpoints","GET /api/articles"],"duration":29,"failing":false,"failureDetails":[],"failureMessages":[],"fullName":"Article Endpoints GET /api/articles should filter articles by category","invocations":1,"location":null,"numPassingAsserts":3,"retryReasons":[],"startAt":1774687953313,"status":"passed","title":"should filter articles by category"},{"ancestorTitles":["Article Endpoints","GET /api/articles"],"duration":28,"failing":false,"failureDetails":[],"failureMessages":[],"fullName":"Article Endpoints GET /api/articles should search articles by title","invocations":1,"location":null,"numPassingAsserts":3,"retryReasons":[],"startAt":1774687953343,"status":"passed","title":"should search articles by title"},{"ancestorTitles":["Article Endpoints","GET /api/articles"],"duration":28,"failing":false,"failureDetails":[],"failureMessages":[],"fullName":"Article Endpoints GET /api/articles should not include content field in list response","invocations":1,"location":null,"numPassingAsserts":2,"retryReasons":[],"startAt":1774687953372,"status":"passed","title":"should not include content field in list response"},{"ancestorTitles":["Article Endpoints","GET /api/articles"],"duration":32,"failing":false,"failureDetails":[],"failureMessages":[],"fullName":"Article Endpoints GET /api/articles should respect pagination limit","invocations":1,"location":null,"numPassingAsserts":3,"retryReasons":[],"startAt":1774687953401,"status":"passed","title":"should respect pagination limit"},{"ancestorTitles":["Article Endpoints","GET /api/articles/:id"],"duration":23,"failing":false,"failureDetails":[],"failureMessages":[],"fullName":"Article Endpoints GET /api/articles/:id should return full article by ID","invocations":1,"location":null,"numPassingAsserts":3,"retryReasons":[],"startAt":1774687953434,"status":"passed","title":"should return full article by ID"},{"ancestorTitles":["Article Endpoints","GET /api/articles/:id"],"duration":19,"failing":false,"failureDetails":[],"failureMessages":[],"fullName":"Article Endpoints GET /api/articles/:id should return 404 for non-existent article ID","invocations":1,"location":null,"numPassingAsserts":1,"retryReasons":[],"startAt":1774687953458,"status":"passed","title":"should return 404 for non-existent article ID"},{"ancestorTitles":["Article Endpoints","GET /api/articles/:id"],"duration":24,"failing":false,"failureDetails":[],"failureMessages":[],"fullName":"Article Endpoints GET /api/articles/:id should truncate premium article content for non-subscribers","invocations":1,"location":null,"numPassingAsserts":3,"retryReasons":[],"startAt":1774687953478,"status":"passed","title":"should truncate premium article content for non-subscribers"}],"endTime":1774687953656,"message":"","name":"E:\\Yash\\New folder\\server\\test\\articles.test.js","startTime":1774687951442,"status":"passed","summary":""}],"wasInterrupted":false}
